[INFO] - <2020-06-05T10:16:32.093Z> - GET - /admin/gallery-images
[INFO] - <2020-06-05T10:16:35.627Z> - POST - /admin/login
[INFO] - <2020-06-05T10:16:35.874Z> - GET - /admin/gallery-images
[INFO] - <2020-06-05T10:16:38.362Z> - GET - /
[INFO] - <2020-06-05T10:16:41.270Z> - GET - /artists
[INFO] - <2020-06-05T10:16:42.189Z> - GET - /purchase
[INFO] - <2020-06-05T10:16:43.141Z> - GET - /static/images/design/chapman-logo-map.png
[INFO] - <2020-06-05T10:16:43.205Z> - GET - /static/images/design/chapman-logo-map.png
[INFO] - <2020-06-05T10:19:30.461Z> - GET - /
[INFO] - <2020-06-05T10:19:30.657Z> - GET - /guitars
[INFO] - <2020-06-05T10:19:30.883Z> - GET - /artists
[INFO] - <2020-06-05T10:19:30.973Z> - GET - /purchase
[INFO] - <2020-06-05T10:19:31.036Z> - GET - /contact
[INFO] - <2020-06-05T10:19:31.097Z> - GET - /search
[INFO] - <2020-06-05T10:19:31.170Z> - GET - /guitar/ml1-m
[INFO] - <2020-06-05T10:19:35.592Z> - GET - /
[INFO] - <2020-06-05T10:19:35.719Z> - GET - /guitars
[INFO] - <2020-06-05T10:19:35.871Z> - GET - /artists
[INFO] - <2020-06-05T10:19:35.921Z> - GET - /purchase
[INFO] - <2020-06-05T10:19:35.954Z> - GET - /contact
[INFO] - <2020-06-05T10:19:35.994Z> - GET - /search
[INFO] - <2020-06-05T10:19:36.019Z> - GET - /guitar/ml1-m
[INFO] - <2020-06-05T10:19:36.103Z> - GET - /guitar/ml2-m
[INFO] - <2020-06-05T10:19:36.174Z> - GET - /guitar/mlv-m
[INFO] - <2020-06-05T10:19:36.239Z> - GET - /artist/felix-hagan
[INFO] - <2020-06-05T10:19:36.282Z> - GET - /artist/leo-moracchioli
[INFO] - <2020-06-05T10:19:36.316Z> - GET - /artist/rabea-massaad
[INFO] - <2020-06-05T10:19:36.359Z> - GET - /artist/rob-chapman
[INFO] - <2020-06-05T10:19:36.397Z> - GET - /artist/rob-scallon
[INFO] - <2020-06-05T10:19:58.896Z> - GET - /admin/gallery-images
[INFO] - <2020-06-05T10:20:02.532Z> - GET - /admin/gallery-images
[INFO] - <2020-06-05T10:20:18.264Z> - POST - /admin/check-token
[INFO] - <2020-06-05T10:20:25.330Z> - PUT - /admin/gallery-image
[INFO] - <2020-06-05T10:20:29.064Z> - GET - /
[INFO] - <2020-06-05T10:20:29.256Z> - GET - /guitars
[INFO] - <2020-06-05T10:20:29.259Z> - GET - /admin/gallery-images
[INFO] - <2020-06-05T10:20:29.602Z> - GET - /artists
[INFO] - <2020-06-05T10:20:29.738Z> - GET - /purchase
[INFO] - <2020-06-05T10:20:29.950Z> - GET - /contact
[INFO] - <2020-06-05T10:20:30.092Z> - GET - /search
[INFO] - <2020-06-05T10:20:30.161Z> - GET - /guitar/ml1-m
[INFO] - <2020-06-05T10:20:30.327Z> - GET - /guitar/ml2-m
[INFO] - <2020-06-05T10:20:30.511Z> - GET - /guitar/mlv-m
[INFO] - <2020-06-05T10:20:30.628Z> - GET - /artist/felix-hagan
[INFO] - <2020-06-05T10:20:30.684Z> - GET - /artist/leo-moracchioli
[INFO] - <2020-06-05T10:20:30.733Z> - GET - /artist/rabea-massaad
[INFO] - <2020-06-05T10:20:30.796Z> - GET - /artist/rob-chapman
[INFO] - <2020-06-05T10:20:30.853Z> - GET - /artist/rob-scallon
[INFO] - <2020-06-05T10:20:35.323Z> - PUT - /admin/gallery-image
[INFO] - <2020-06-05T10:20:40.629Z> - GET - /
[INFO] - <2020-06-05T10:20:40.801Z> - GET - /guitars
[INFO] - <2020-06-05T10:20:40.989Z> - GET - /admin/gallery-images
[INFO] - <2020-06-05T10:20:41.128Z> - GET - /artists
[INFO] - <2020-06-05T10:20:41.211Z> - GET - /purchase
[INFO] - <2020-06-05T10:20:41.326Z> - GET - /contact
[INFO] - <2020-06-05T10:20:41.496Z> - GET - /search
[INFO] - <2020-06-05T10:20:41.631Z> - GET - /guitar/ml1-m
[INFO] - <2020-06-05T10:20:41.790Z> - GET - /guitar/ml2-m
[INFO] - <2020-06-05T10:20:41.902Z> - GET - /guitar/mlv-m
[INFO] - <2020-06-05T10:20:42.001Z> - GET - /artist/felix-hagan
[INFO] - <2020-06-05T10:20:42.043Z> - GET - /artist/leo-moracchioli
[INFO] - <2020-06-05T10:20:42.114Z> - GET - /artist/rabea-massaad
[INFO] - <2020-06-05T10:20:42.160Z> - GET - /artist/rob-chapman
[INFO] - <2020-06-05T10:20:42.191Z> - GET - /artist/rob-scallon
[INFO] - <2020-06-05T10:20:56.215Z> - DELETE - /admin/gallery-image
[INFO] - <2020-06-05T10:20:56.339Z> - GET - /
[INFO] - <2020-06-05T10:20:56.387Z> - GET - /admin/gallery-images
[INFO] - <2020-06-05T10:20:56.494Z> - GET - /guitars
[INFO] - <2020-06-05T10:20:56.695Z> - GET - /artists
[INFO] - <2020-06-05T10:20:56.755Z> - GET - /purchase
[INFO] - <2020-06-05T10:20:56.805Z> - GET - /contact
[INFO] - <2020-06-05T10:20:56.876Z> - GET - /search
[INFO] - <2020-06-05T10:20:56.939Z> - GET - /guitar/ml1-m
[INFO] - <2020-06-05T10:20:57.105Z> - GET - /guitar/ml2-m
[INFO] - <2020-06-05T10:20:57.201Z> - GET - /guitar/mlv-m
[INFO] - <2020-06-05T10:20:57.432Z> - GET - /artist/felix-hagan
[INFO] - <2020-06-05T10:20:57.588Z> - GET - /artist/leo-moracchioli
[INFO] - <2020-06-05T10:20:57.646Z> - GET - /artist/rabea-massaad
[INFO] - <2020-06-05T10:20:57.711Z> - GET - /artist/rob-chapman
[INFO] - <2020-06-05T10:20:57.827Z> - GET - /artist/rob-scallon
[INFO] - <2020-06-05T10:21:04.529Z> - PUT - /admin/gallery-image
[INFO] - <2020-06-05T10:21:09.335Z> - DELETE - /admin/gallery-image
[INFO] - <2020-06-05T10:21:09.507Z> - GET - /
[INFO] - <2020-06-05T10:21:09.697Z> - GET - /guitars
[INFO] - <2020-06-05T10:21:09.873Z> - GET - /admin/gallery-images
[INFO] - <2020-06-05T10:21:09.875Z> - GET - /admin/gallery-images
[INFO] - <2020-06-05T10:21:10.021Z> - GET - /artists
[INFO] - <2020-06-05T10:21:10.097Z> - GET - /purchase
[INFO] - <2020-06-05T10:21:10.157Z> - GET - /contact
[INFO] - <2020-06-05T10:21:10.206Z> - GET - /search
[INFO] - <2020-06-05T10:21:10.269Z> - GET - /guitar/ml1-m
[INFO] - <2020-06-05T10:21:10.384Z> - GET - /guitar/ml2-m
[INFO] - <2020-06-05T10:21:10.478Z> - GET - /guitar/mlv-m
[INFO] - <2020-06-05T10:21:10.548Z> - GET - /artist/felix-hagan
[INFO] - <2020-06-05T10:21:10.586Z> - GET - /artist/leo-moracchioli
[INFO] - <2020-06-05T10:21:10.634Z> - GET - /artist/rabea-massaad
[INFO] - <2020-06-05T10:21:10.686Z> - GET - /artist/rob-chapman
[INFO] - <2020-06-05T10:21:10.718Z> - GET - /artist/rob-scallon
[INFO] - <2020-06-05T10:21:10.950Z> - GET - /
[INFO] - <2020-06-05T10:21:10.987Z> - GET - /guitars
[INFO] - <2020-06-05T10:21:11.105Z> - GET - /artists
[INFO] - <2020-06-05T10:21:11.151Z> - GET - /purchase
[INFO] - <2020-06-05T10:21:11.174Z> - GET - /contact
[INFO] - <2020-06-05T10:21:11.215Z> - GET - /search
[INFO] - <2020-06-05T10:21:11.237Z> - GET - /guitar/ml1-m
[INFO] - <2020-06-05T10:21:11.308Z> - GET - /guitar/ml2-m
[INFO] - <2020-06-05T10:21:11.409Z> - GET - /guitar/mlv-m
[INFO] - <2020-06-05T10:21:11.503Z> - GET - /artist/felix-hagan
[INFO] - <2020-06-05T10:21:11.542Z> - GET - /artist/leo-moracchioli
[INFO] - <2020-06-05T10:21:11.601Z> - GET - /artist/rabea-massaad
[INFO] - <2020-06-05T10:21:11.660Z> - GET - /artist/rob-chapman
[INFO] - <2020-06-05T10:21:11.693Z> - GET - /artist/rob-scallon
[INFO] - <2020-06-05T10:21:14.065Z> - PUT - /admin/gallery-image
[INFO] - <2020-06-05T10:21:17.576Z> - DELETE - /admin/gallery-image
[INFO] - <2020-06-05T10:21:19.671Z> - GET - /
[INFO] - <2020-06-05T10:21:19.695Z> - GET - /admin/gallery-images
[INFO] - <2020-06-05T10:21:19.855Z> - GET - /guitars
[INFO] - <2020-06-05T10:21:20.017Z> - GET - /admin/gallery-images
[INFO] - <2020-06-05T10:21:20.114Z> - GET - /artists
[INFO] - <2020-06-05T10:21:20.187Z> - GET - /purchase
[INFO] - <2020-06-05T10:21:20.235Z> - GET - /contact
[INFO] - <2020-06-05T10:21:20.283Z> - GET - /search
[INFO] - <2020-06-05T10:21:20.324Z> - GET - /guitar/ml1-m
[INFO] - <2020-06-05T10:21:20.469Z> - GET - /guitar/ml2-m
[INFO] - <2020-06-05T10:21:20.634Z> - GET - /guitar/mlv-m
[INFO] - <2020-06-05T10:21:20.703Z> - GET - /artist/felix-hagan
[INFO] - <2020-06-05T10:21:20.734Z> - GET - /artist/leo-moracchioli
[INFO] - <2020-06-05T10:21:20.770Z> - GET - /artist/rabea-massaad
[INFO] - <2020-06-05T10:21:20.804Z> - GET - /artist/rob-chapman
[INFO] - <2020-06-05T10:21:20.841Z> - GET - /artist/rob-scallon
[INFO] - <2020-06-05T10:21:21.044Z> - GET - /
[INFO] - <2020-06-05T10:21:21.101Z> - GET - /guitars
[INFO] - <2020-06-05T10:21:21.230Z> - GET - /artists
[INFO] - <2020-06-05T10:21:21.269Z> - GET - /purchase
[INFO] - <2020-06-05T10:21:21.300Z> - GET - /contact
[INFO] - <2020-06-05T10:21:21.332Z> - GET - /search
[INFO] - <2020-06-05T10:21:21.367Z> - GET - /guitar/ml1-m
[INFO] - <2020-06-05T10:21:21.422Z> - GET - /guitar/ml2-m
[INFO] - <2020-06-05T10:21:21.501Z> - GET - /guitar/mlv-m
[INFO] - <2020-06-05T10:21:21.574Z> - GET - /artist/felix-hagan
[INFO] - <2020-06-05T10:21:21.604Z> - GET - /artist/leo-moracchioli
[INFO] - <2020-06-05T10:21:21.654Z> - GET - /artist/rabea-massaad
[INFO] - <2020-06-05T10:21:21.687Z> - GET - /artist/rob-chapman
[INFO] - <2020-06-05T10:21:21.730Z> - GET - /artist/rob-scallon
[INFO] - <2020-06-05T10:21:25.386Z> - PUT - /admin/gallery-image
[INFO] - <2020-06-05T10:21:29.668Z> - GET - /
[INFO] - <2020-06-05T10:21:29.817Z> - GET - /guitars
[INFO] - <2020-06-05T10:21:29.969Z> - GET - /admin/gallery-images
[INFO] - <2020-06-05T10:21:30.082Z> - GET - /artists
[INFO] - <2020-06-05T10:21:30.140Z> - GET - /purchase
[INFO] - <2020-06-05T10:21:30.196Z> - GET - /contact
[INFO] - <2020-06-05T10:21:30.234Z> - GET - /search
[INFO] - <2020-06-05T10:21:30.272Z> - GET - /guitar/ml1-m
[INFO] - <2020-06-05T10:21:30.405Z> - GET - /guitar/ml2-m
[INFO] - <2020-06-05T10:21:30.465Z> - GET - /guitar/mlv-m
[INFO] - <2020-06-05T10:21:30.531Z> - GET - /artist/felix-hagan
[INFO] - <2020-06-05T10:21:30.567Z> - GET - /artist/leo-moracchioli
[INFO] - <2020-06-05T10:21:30.600Z> - GET - /artist/rabea-massaad
[INFO] - <2020-06-05T10:21:30.635Z> - GET - /artist/rob-chapman
[INFO] - <2020-06-05T10:21:30.673Z> - GET - /artist/rob-scallon
[INFO] - <2020-06-05T10:21:34.463Z> - POST - /admin/gallery-image
[INFO] - <2020-06-05T10:21:34.554Z> - GET - /admin/gallery-images
[INFO] - <2020-06-05T10:21:34.580Z> - GET - /
[INFO] - <2020-06-05T10:21:34.644Z> - GET - /guitars
[INFO] - <2020-06-05T10:21:34.827Z> - GET - /artists
[INFO] - <2020-06-05T10:21:34.885Z> - GET - /purchase
[INFO] - <2020-06-05T10:21:34.920Z> - GET - /contact
[INFO] - <2020-06-05T10:21:34.960Z> - GET - /search
[INFO] - <2020-06-05T10:21:34.997Z> - GET - /guitar/ml1-m
[INFO] - <2020-06-05T10:21:35.054Z> - GET - /guitar/ml2-m
[INFO] - <2020-06-05T10:21:35.131Z> - GET - /guitar/mlv-m
[INFO] - <2020-06-05T10:21:35.186Z> - GET - /artist/felix-hagan
[INFO] - <2020-06-05T10:21:35.216Z> - GET - /artist/leo-moracchioli
[INFO] - <2020-06-05T10:21:35.261Z> - GET - /artist/rabea-massaad
[INFO] - <2020-06-05T10:21:35.287Z> - GET - /artist/rob-chapman
[INFO] - <2020-06-05T10:21:35.319Z> - GET - /artist/rob-scallon
[INFO] - <2020-06-05T10:21:41.170Z> - GET - /
[INFO] - <2020-06-05T10:23:36.410Z> - GET - /
[INFO] - <2020-06-05T10:23:36.538Z> - GET - /guitars
[INFO] - <2020-06-05T10:23:36.623Z> - GET - /artists
[INFO] - <2020-06-05T10:23:36.668Z> - GET - /purchase
[INFO] - <2020-06-05T10:23:36.700Z> - GET - /contact
[INFO] - <2020-06-05T10:23:36.734Z> - GET - /search
[INFO] - <2020-06-05T10:23:36.765Z> - GET - /guitar/ml1-m
[INFO] - <2020-06-05T10:23:36.828Z> - GET - /guitar/ml2-m
[INFO] - <2020-06-05T10:23:36.896Z> - GET - /guitar/mlv-m
[INFO] - <2020-06-05T10:23:36.953Z> - GET - /artist/felix-hagan
[INFO] - <2020-06-05T10:23:36.991Z> - GET - /artist/leo-moracchioli
[INFO] - <2020-06-05T10:23:37.022Z> - GET - /artist/rabea-massaad
[INFO] - <2020-06-05T10:23:37.065Z> - GET - /artist/rob-chapman
[INFO] - <2020-06-05T10:23:37.100Z> - GET - /artist/rob-scallon
[INFO] - <2020-06-05T10:25:23.576Z> - GET - /admin/artists
[INFO] - <2020-06-05T10:25:42.979Z> - GET - /artists
[INFO] - <2020-06-05T10:26:34.858Z> - GET - /artist/rabea-massaad
[INFO] - <2020-06-05T10:27:14.785Z> - PUT - /admin/artist
[INFO] - <2020-06-05T10:27:15.277Z> - GET - /
[INFO] - <2020-06-05T10:27:15.505Z> - GET - /guitars
[INFO] - <2020-06-05T10:27:15.509Z> - GET - /admin/artists
[INFO] - <2020-06-05T10:27:15.658Z> - GET - /artists
[INFO] - <2020-06-05T10:27:15.729Z> - GET - /purchase
[INFO] - <2020-06-05T10:27:15.794Z> - GET - /contact
[INFO] - <2020-06-05T10:27:15.855Z> - GET - /search
[INFO] - <2020-06-05T10:27:15.892Z> - GET - /guitar/ml1-m
[INFO] - <2020-06-05T10:27:15.957Z> - GET - /guitar/ml2-m
[INFO] - <2020-06-05T10:27:16.000Z> - GET - /guitar/mlv-m
[INFO] - <2020-06-05T10:27:16.041Z> - GET - /artist/felix-hagan
[INFO] - <2020-06-05T10:27:16.070Z> - GET - /artist/leo-moracchioli
[INFO] - <2020-06-05T10:27:16.095Z> - GET - /artist/pete-cottrell
[INFO] - <2020-06-05T10:27:16.122Z> - GET - /artist/rabea-massaad
[INFO] - <2020-06-05T10:27:16.152Z> - GET - /artist/rob-chapman
[INFO] - <2020-06-05T10:27:16.175Z> - GET - /artist/rob-scallon
[INFO] - <2020-06-05T10:27:26.154Z> - POST - /admin/artist
[INFO] - <2020-06-05T10:27:26.195Z> - GET - /
[INFO] - <2020-06-05T10:27:26.232Z> - GET - /guitars
[INFO] - <2020-06-05T10:27:26.242Z> - GET - /admin/artists
[INFO] - <2020-06-05T10:27:26.325Z> - GET - /artists
[INFO] - <2020-06-05T10:27:26.371Z> - GET - /purchase
[INFO] - <2020-06-05T10:27:26.429Z> - GET - /contact
[INFO] - <2020-06-05T10:27:26.467Z> - GET - /search
[INFO] - <2020-06-05T10:27:26.506Z> - GET - /guitar/ml1-m
[INFO] - <2020-06-05T10:27:26.571Z> - GET - /guitar/ml2-m
[INFO] - <2020-06-05T10:27:26.622Z> - GET - /guitar/mlv-m
[INFO] - <2020-06-05T10:27:26.664Z> - GET - /artist/felix-hagan
[INFO] - <2020-06-05T10:27:26.688Z> - GET - /artist/leo-moracchioli
[INFO] - <2020-06-05T10:27:26.708Z> - GET - /artist/pete-cottrell
[INFO] - <2020-06-05T10:27:26.737Z> - GET - /artist/rabea-massaad
[INFO] - <2020-06-05T10:27:26.763Z> - GET - /artist/rob-chapman
[INFO] - <2020-06-05T10:27:26.784Z> - GET - /artist/rob-scallon
[INFO] - <2020-06-05T10:27:29.960Z> - POST - /admin/artist
[INFO] - <2020-06-05T10:27:30.041Z> - GET - /
[INFO] - <2020-06-05T10:27:30.092Z> - GET - /guitars
[INFO] - <2020-06-05T10:27:30.099Z> - GET - /admin/artists
[INFO] - <2020-06-05T10:27:30.185Z> - GET - /artists
[INFO] - <2020-06-05T10:27:30.221Z> - GET - /purchase
[INFO] - <2020-06-05T10:27:30.254Z> - GET - /contact
[INFO] - <2020-06-05T10:27:30.288Z> - GET - /search
[INFO] - <2020-06-05T10:27:30.323Z> - GET - /guitar/ml1-m
[INFO] - <2020-06-05T10:27:30.371Z> - GET - /guitar/ml2-m
[INFO] - <2020-06-05T10:27:30.424Z> - GET - /guitar/mlv-m
[INFO] - <2020-06-05T10:27:30.476Z> - GET - /artist/felix-hagan
[INFO] - <2020-06-05T10:27:30.510Z> - GET - /artist/leo-moracchioli
[INFO] - <2020-06-05T10:27:30.552Z> - GET - /artist/pete-cottrell
[INFO] - <2020-06-05T10:27:30.594Z> - GET - /artist/rabea-massaad
[INFO] - <2020-06-05T10:27:30.616Z> - GET - /artist/rob-chapman
[INFO] - <2020-06-05T10:27:30.640Z> - GET - /artist/rob-scallon
[INFO] - <2020-06-05T10:27:33.532Z> - GET - /artists
[INFO] - <2020-06-05T10:27:35.669Z> - GET - /artist/pete-cottrell
[INFO] - <2020-06-05T10:28:19.194Z> - PUT - /admin/artist
[INFO] - <2020-06-05T10:28:19.700Z> - GET - /
[INFO] - <2020-06-05T10:28:19.901Z> - GET - /guitars
[INFO] - <2020-06-05T10:28:19.975Z> - GET - /admin/artists
[INFO] - <2020-06-05T10:28:20.069Z> - GET - /artists
[INFO] - <2020-06-05T10:28:20.122Z> - GET - /purchase
[INFO] - <2020-06-05T10:28:20.163Z> - GET - /contact
[INFO] - <2020-06-05T10:28:20.235Z> - GET - /search
[INFO] - <2020-06-05T10:28:20.294Z> - GET - /guitar/ml1-m
[INFO] - <2020-06-05T10:28:20.352Z> - GET - /guitar/ml2-m
[INFO] - <2020-06-05T10:28:20.420Z> - GET - /guitar/mlv-m
[INFO] - <2020-06-05T10:28:20.476Z> - GET - /artist/dave-mcpherson
[INFO] - <2020-06-05T10:28:20.503Z> - GET - /artist/felix-hagan
[INFO] - <2020-06-05T10:28:20.546Z> - GET - /artist/leo-moracchioli
[INFO] - <2020-06-05T10:28:20.576Z> - GET - /artist/pete-cottrell
[INFO] - <2020-06-05T10:28:20.601Z> - GET - /artist/rabea-massaad
[INFO] - <2020-06-05T10:28:20.629Z> - GET - /artist/rob-chapman
[INFO] - <2020-06-05T10:28:20.665Z> - GET - /artist/rob-scallon
[INFO] - <2020-06-05T10:28:22.558Z> - GET - /artists
[INFO] - <2020-06-05T10:28:26.406Z> - GET - /guitars
[INFO] - <2020-06-05T10:28:27.227Z> - GET - /artists
[INFO] - <2020-06-05T10:29:41.931Z> - GET - /guitars
[INFO] - <2020-06-05T10:30:16.303Z> - GET - /admin/all-guitar-series
[INFO] - <2020-06-05T10:30:17.404Z> - GET - /admin/guitars
[INFO] - <2020-06-05T10:30:20.635Z> - GET - /admin/all-guitar-series
[INFO] - <2020-06-05T10:31:39.905Z> - PUT - /admin/guitar
[INFO] - <2020-06-05T10:31:39.959Z> - GET - /
[INFO] - <2020-06-05T10:31:40.064Z> - GET - /guitars
[INFO] - <2020-06-05T10:31:40.222Z> - GET - /admin/guitars
[INFO] - <2020-06-05T10:31:40.225Z> - GET - /artists
[INFO] - <2020-06-05T10:31:40.327Z> - GET - /purchase
[INFO] - <2020-06-05T10:31:40.409Z> - GET - /contact
[INFO] - <2020-06-05T10:31:40.466Z> - GET - /search
[INFO] - <2020-06-05T10:31:40.511Z> - GET - /guitar/gh-frt
[INFO] - <2020-06-05T10:31:40.669Z> - GET - /guitar/ml1-m
[INFO] - <2020-06-05T10:31:40.723Z> - GET - /guitar/ml2-m
[INFO] - <2020-06-05T10:31:40.775Z> - GET - /guitar/mlv-m
[INFO] - <2020-06-05T10:31:40.812Z> - GET - /artist/dave-mcpherson
[INFO] - <2020-06-05T10:31:40.839Z> - GET - /artist/felix-hagan
[INFO] - <2020-06-05T10:31:40.868Z> - GET - /artist/leo-moracchioli
[INFO] - <2020-06-05T10:31:40.894Z> - GET - /artist/pete-cottrell
[INFO] - <2020-06-05T10:31:40.928Z> - GET - /artist/rabea-massaad
[INFO] - <2020-06-05T10:31:40.954Z> - GET - /artist/rob-chapman
[INFO] - <2020-06-05T10:31:40.978Z> - GET - /artist/rob-scallon
[INFO] - <2020-06-05T10:32:19.933Z> - PUT - /admin/guitar-color
[INFO] - <2020-06-05T10:32:20.039Z> - GET - /
[INFO] - <2020-06-05T10:32:20.143Z> - GET - /guitars
[INFO] - <2020-06-05T10:32:20.189Z> - GET - /admin/guitars
[INFO] - <2020-06-05T10:32:20.297Z> - GET - /artists
[INFO] - <2020-06-05T10:32:20.368Z> - GET - /purchase
[INFO] - <2020-06-05T10:32:20.421Z> - GET - /contact
[INFO] - <2020-06-05T10:32:20.486Z> - GET - /search
[INFO] - <2020-06-05T10:32:20.579Z> - GET - /guitar/gh-frt
[INFO] - <2020-06-05T10:32:20.669Z> - GET - /guitar/ml1-m
[INFO] - <2020-06-05T10:32:20.749Z> - GET - /guitar/ml2-m
[INFO] - <2020-06-05T10:32:20.796Z> - GET - /guitar/mlv-m
[INFO] - <2020-06-05T10:32:20.837Z> - GET - /artist/dave-mcpherson
[INFO] - <2020-06-05T10:32:20.864Z> - GET - /artist/felix-hagan
[INFO] - <2020-06-05T10:32:20.887Z> - GET - /artist/leo-moracchioli
[INFO] - <2020-06-05T10:32:20.909Z> - GET - /artist/pete-cottrell
[INFO] - <2020-06-05T10:32:20.953Z> - GET - /artist/rabea-massaad
[INFO] - <2020-06-05T10:32:20.977Z> - GET - /artist/rob-chapman
[INFO] - <2020-06-05T10:32:20.997Z> - GET - /artist/rob-scallon
[INFO] - <2020-06-05T10:32:42.980Z> - PUT - /admin/guitar-color
[ERR ] - <2020-06-05T10:32:43.053Z> - PUT - /admin/guitar-color - {"name":"SequelizeUniqueConstraintError","errors":[{"message":"name must be unique","type":"unique violation","path":"name","value":"Lunar","origin":"DB","instance":{"dataValues":{"id":null,"guitarId":"4","order":"1","name":"Lunar","tabImageId":31,"dotImageId":32,"guitarImageId":33,"updatedAt":{},"createdAt":{}},"_previousDataValues":{},"_changed":{"guitarId":true,"order":true,"name":true,"tabImageId":true,"dotImageId":true,"guitarImageId":true},"_modelOptions":{"timestamps":true,"validate":{},"freezeTableName":false,"underscored":false,"paranoid":false,"rejectOnEmpty":false,"whereCollection":null,"schema":null,"schemaDelimiter":"","defaultScope":{},"scopes":{},"indexes":[],"name":{"plural":"GuitarColors","singular":"GuitarColor"},"omitNull":false,"sequelize":{"options":{"dialect":"mariadb","dialectModule":null,"dialectModulePath":null,"host":"localhost","protocol":"tcp","define":{},"query":{},"sync":{},"timezone":"+00:00","clientMinMessages":"warning","standardConformingStrings":true,"omitNull":false,"native":false,"replication":false,"pool":{"max":10,"min":0,"acquire":30000,"idle":10000},"quoteIdentifiers":true,"hooks":{},"retry":{"max":5,"match":["SQLITE_BUSY: database is locked"]},"transactionType":"DEFERRED","isolationLevel":null,"databaseVersion":"10.4.13-MariaDB","typeValidation":false,"benchmark":false,"minifyAliases":false,"logQueryParameters":false,"dialectOptions":{"timezone":"Etc/GMT0"}},"config":{"database":"chapman","username":"root","password":"root","host":"localhost","port":3306,"pool":{"max":10,"min":0,"acquire":30000,"idle":10000},"protocol":"tcp","native":false,"replication":false,"dialectModule":null,"dialectModulePath":null,"dialectOptions":{"timezone":"Etc/GMT0"}},"dialect":{"sequelize":"[Circular]","connectionManager":{"sequelize":"[Circular]","config":{"database":"chapman","username":"root","password":"root","host":"localhost","port":3306,"pool":{"max":10,"min":0,"acquire":30000,"idle":10000,"evict":1000},"protocol":"tcp","native":false,"replication":false,"dialectModule":null,"dialectModulePath":null,"dialectOptions":{"timezone":"Etc/GMT0"}},"dialect":"[Circular]","versionPromise":null,"dialectName":"mariadb","pool":{"_factory":{"name":"sequelize","max":10,"min":0,"acquireTimeoutMillis":30000,"idleTimeoutMillis":10000,"reapIntervalMillis":1000,"reapInterval":1000,"log":false},"_count":3,"_draining":false,"_pendingAcquires":[],"_inUseObjects":[],"_availableObjects":[{"resource":{"__tests":{},"_events":{},"_eventsCount":1},"timeout":1591353173036},{"resource":{"__tests":{},"_events":{},"_eventsCount":1},"timeout":1591353173037},{"resource":{"__tests":{},"_events":{},"_eventsCount":1},"timeout":1591353173053}],"_removeIdleTimer":{"_idleTimeout":1000,"_idlePrev":{"_idleNext":"[Circular]","_idlePrev":"[Circular]","expiry":551195,"id":-9007199254740260,"msecs":1000,"priorityQueuePosition":1},"_idleNext":{"_idleNext":"[Circular]","_idlePrev":"[Circular]","expiry":551195,"id":-9007199254740260,"msecs":1000,"priorityQueuePosition":1},"_idleStart":550195,"_repeat":null,"_destroyed":false},"_removeIdleScheduled":true,"name":"sequelize"},"lib":{"version":"2.1.5"}},"QueryGenerator":{"sequelize":"[Circular]","options":{"dialect":"mariadb","dialectModule":null,"dialectModulePath":null,"host":"localhost","protocol":"tcp","define":{},"query":{},"sync":{},"timezone":"+00:00","clientMinMessages":"warning","standardConformingStrings":true,"omitNull":false,"native":false,"replication":false,"pool":{"max":10,"min":0,"acquire":30000,"idle":10000},"quoteIdentifiers":true,"hooks":{},"retry":{"max":5,"match":["SQLITE_BUSY: database is locked"]},"transactionType":"DEFERRED","isolationLevel":null,"databaseVersion":"10.4.13-MariaDB","typeValidation":false,"benchmark":false,"minifyAliases":false,"logQueryParameters":false,"dialectOptions":{"timezone":"Etc/GMT0"}},"dialect":"mariadb","_dialect":"[Circular]","OperatorMap":{}},"name":"mariadb"},"queryInterface":{"sequelize":"[Circular]","QueryGenerator":{"sequelize":"[Circular]","options":{"dialect":"mariadb","dialectModule":null,"dialectModulePath":null,"host":"localhost","protocol":"tcp","define":{},"query":{},"sync":{},"timezone":"+00:00","clientMinMessages":"warning","standardConformingStrings":true,"omitNull":false,"native":false,"replication":false,"pool":{"max":10,"min":0,"acquire":30000,"idle":10000},"quoteIdentifiers":true,"hooks":{},"retry":{"max":5,"match":["SQLITE_BUSY: database is locked"]},"transactionType":"DEFERRED","isolationLevel":null,"databaseVersion":"10.4.13-MariaDB","typeValidation":false,"benchmark":false,"minifyAliases":false,"logQueryParameters":false,"dialectOptions":{"timezone":"Etc/GMT0"}},"dialect":"mariadb","_dialect":{"sequelize":"[Circular]","connectionManager":{"sequelize":"[Circular]","config":{"database":"chapman","username":"root","password":"root","host":"localhost","port":3306,"pool":{"max":10,"min":0,"acquire":30000,"idle":10000,"evict":1000},"protocol":"tcp","native":false,"replication":false,"dialectModule":null,"dialectModulePath":null,"dialectOptions":{"timezone":"Etc/GMT0"}},"dialect":"[Circular]","versionPromise":null,"dialectName":"mariadb","pool":{"_factory":{"name":"sequelize","max":10,"min":0,"acquireTimeoutMillis":30000,"idleTimeoutMillis":10000,"reapIntervalMillis":1000,"reapInterval":1000,"log":false},"_count":3,"_draining":false,"_pendingAcquires":[],"_inUseObjects":[],"_availableObjects":[{"resource":{"__tests":{},"_events":{},"_eventsCount":1},"timeout":1591353173036},{"resource":{"__tests":{},"_events":{},"_eventsCount":1},"timeout":1591353173037},{"resource":{"__tests":{},"_events":{},"_eventsCount":1},"timeout":1591353173053}],"_removeIdleTimer":{"_idleTimeout":1000,"_idlePrev":{"_idleNext":"[Circular]","_idlePrev":"[Circular]","expiry":551195,"id":-9007199254740260,"msecs":1000,"priorityQueuePosition":1},"_idleNext":{"_idleNext":"[Circular]","_idlePrev":"[Circular]","expiry":551195,"id":-9007199254740260,"msecs":1000,"priorityQueuePosition":1},"_idleStart":550195,"_repeat":null,"_destroyed":false},"_removeIdleScheduled":true,"name":"sequelize"},"lib":{"version":"2.1.5"}},"QueryGenerator":"[Circular]","name":"mariadb"},"OperatorMap":{}}},"models":{},"modelManager":{"models":[],"sequelize":"[Circular]"},"connectionManager":{"sequelize":"[Circular]","config":{"database":"chapman","username":"root","password":"root","host":"localhost","port":3306,"pool":{"max":10,"min":0,"acquire":30000,"idle":10000,"evict":1000},"protocol":"tcp","native":false,"replication":false,"dialectModule":null,"dialectModulePath":null,"dialectOptions":{"timezone":"Etc/GMT0"}},"dialect":{"sequelize":"[Circular]","connectionManager":"[Circular]","QueryGenerator":{"sequelize":"[Circular]","options":{"dialect":"mariadb","dialectModule":null,"dialectModulePath":null,"host":"localhost","protocol":"tcp","define":{},"query":{},"sync":{},"timezone":"+00:00","clientMinMessages":"warning","standardConformingStrings":true,"omitNull":false,"native":false,"replication":false,"pool":{"max":10,"min":0,"acquire":30000,"idle":10000},"quoteIdentifiers":true,"hooks":{},"retry":{"max":5,"match":["SQLITE_BUSY: database is locked"]},"transactionType":"DEFERRED","isolationLevel":null,"databaseVersion":"10.4.13-MariaDB","typeValidation":false,"benchmark":false,"minifyAliases":false,"logQueryParameters":false,"dialectOptions":{"timezone":"Etc/GMT0"}},"dialect":"mariadb","_dialect":"[Circular]","OperatorMap":{}},"name":"mariadb"},"versionPromise":null,"dialectName":"mariadb","pool":{"_factory":{"name":"sequelize","max":10,"min":0,"acquireTimeoutMillis":30000,"idleTimeoutMillis":10000,"reapIntervalMillis":1000,"reapInterval":1000,"log":false},"_count":3,"_draining":false,"_pendingAcquires":[],"_inUseObjects":[],"_availableObjects":[{"resource":{"__tests":{},"_events":{},"_eventsCount":1},"timeout":1591353173036},{"resource":{"__tests":{},"_events":{},"_eventsCount":1},"timeout":1591353173037},{"resource":{"__tests":{},"_events":{},"_eventsCount":1},"timeout":1591353173053}],"_removeIdleTimer":{"_idleTimeout":1000,"_idlePrev":{"_idleNext":"[Circular]","_idlePrev":"[Circular]","expiry":551195,"id":-9007199254740260,"msecs":1000,"priorityQueuePosition":1},"_idleNext":{"_idleNext":"[Circular]","_idlePrev":"[Circular]","expiry":551195,"id":-9007199254740260,"msecs":1000,"priorityQueuePosition":1},"_idleStart":550195,"_repeat":null,"_destroyed":false},"_removeIdleScheduled":true,"name":"sequelize"},"lib":{"version":"2.1.5"}},"importCache":{}},"hooks":{}},"_options":{"isNewRecord":true,"_schema":null,"_schemaDelimiter":""},"isNewRecord":true,"name":"Lunar"},"validatorKey":"not_unique","validatorName":null,"validatorArgs":[]}],"fields":{"name":"Lunar"},"parent":{"fatal":false,"errno":1062,"sqlState":"23000","code":"ER_DUP_ENTRY","sql":"INSERT INTO `GuitarColors` (`id`,`order`,`name`,`guitarId`,`tabImageId`,`dotImageId`,`guitarImageId`,`createdAt`,`updatedAt`) VALUES (DEFAULT,?,?,?,?,?,?,?,?);","parameters":["1","Lunar","4",31,32,33,"2020-06-05 10:32:43.040","2020-06-05 10:32:43.040"],"name":"Error","message":"(conn=335, no: 1062, SQLState: 23000) Duplicate entry 'Lunar' for key 'name'\nsql: INSERT INTO `GuitarColors` (`id`,`order`,`name`,`guitarId`,`tabImageId`,`dotImageId`,`guitarImageId`,`createdAt`,`updatedAt`) VALUES (DEFAULT,?,?,?,?,?,?,?,?); - parameters:['1','Lunar','4',31,32,33,'2020-06-05 10:32:43.040','2020-06-05 10:32:43.040']","stack":"Error: (conn=335, no: 1062, SQLState: 23000) Duplicate entry 'Lunar' for key 'name'\nsql: INSERT INTO `GuitarColors` (`id`,`order`,`name`,`guitarId`,`tabImageId`,`dotImageId`,`guitarImageId`,`createdAt`,`updatedAt`) VALUES (DEFAULT,?,?,?,?,?,?,?,?); - parameters:['1','Lunar','4',31,32,33,'2020-06-05 10:32:43.040','2020-06-05 10:32:43.040']\n    at Object.module.exports.createError (D:\\Coding\\NA1\\Chapman-Guitars-Belarus-full\\node_modules\\mariadb\\lib\\misc\\errors.js:55:10)\n    at PacketNodeEncoded.readError (D:\\Coding\\NA1\\Chapman-Guitars-Belarus-full\\node_modules\\mariadb\\lib\\io\\packet.js:510:19)\n    at Query.readResponsePacket (D:\\Coding\\NA1\\Chapman-Guitars-Belarus-full\\node_modules\\mariadb\\lib\\cmd\\resultset.js:46:28)\n    at PacketInputStream.receivePacketBasic (D:\\Coding\\NA1\\Chapman-Guitars-Belarus-full\\node_modules\\mariadb\\lib\\io\\packet-input-stream.js:104:9)\n    at PacketInputStream.onData (D:\\Coding\\NA1\\Chapman-Guitars-Belarus-full\\node_modules\\mariadb\\lib\\io\\packet-input-stream.js:160:20)\n    at Socket.emit (events.js:315:20)\n    at Socket.EventEmitter.emit (domain.js:485:12)\n    at addChunk (_stream_readable.js:302:12)\n    at readableAddChunk (_stream_readable.js:278:9)\n    at Socket.Readable.push (_stream_readable.js:217:10)\n    at TCP.onStreamRead (internal/stream_base_commons.js:186:23)"},"original":{"fatal":false,"errno":1062,"sqlState":"23000","code":"ER_DUP_ENTRY","sql":"INSERT INTO `GuitarColors` (`id`,`order`,`name`,`guitarId`,`tabImageId`,`dotImageId`,`guitarImageId`,`createdAt`,`updatedAt`) VALUES (DEFAULT,?,?,?,?,?,?,?,?);","parameters":["1","Lunar","4",31,32,33,"2020-06-05 10:32:43.040","2020-06-05 10:32:43.040"],"name":"Error","message":"(conn=335, no: 1062, SQLState: 23000) Duplicate entry 'Lunar' for key 'name'\nsql: INSERT INTO `GuitarColors` (`id`,`order`,`name`,`guitarId`,`tabImageId`,`dotImageId`,`guitarImageId`,`createdAt`,`updatedAt`) VALUES (DEFAULT,?,?,?,?,?,?,?,?); - parameters:['1','Lunar','4',31,32,33,'2020-06-05 10:32:43.040','2020-06-05 10:32:43.040']","stack":"Error: (conn=335, no: 1062, SQLState: 23000) Duplicate entry 'Lunar' for key 'name'\nsql: INSERT INTO `GuitarColors` (`id`,`order`,`name`,`guitarId`,`tabImageId`,`dotImageId`,`guitarImageId`,`createdAt`,`updatedAt`) VALUES (DEFAULT,?,?,?,?,?,?,?,?); - parameters:['1','Lunar','4',31,32,33,'2020-06-05 10:32:43.040','2020-06-05 10:32:43.040']\n    at Object.module.exports.createError (D:\\Coding\\NA1\\Chapman-Guitars-Belarus-full\\node_modules\\mariadb\\lib\\misc\\errors.js:55:10)\n    at PacketNodeEncoded.readError (D:\\Coding\\NA1\\Chapman-Guitars-Belarus-full\\node_modules\\mariadb\\lib\\io\\packet.js:510:19)\n    at Query.readResponsePacket (D:\\Coding\\NA1\\Chapman-Guitars-Belarus-full\\node_modules\\mariadb\\lib\\cmd\\resultset.js:46:28)\n    at PacketInputStream.receivePacketBasic (D:\\Coding\\NA1\\Chapman-Guitars-Belarus-full\\node_modules\\mariadb\\lib\\io\\packet-input-stream.js:104:9)\n    at PacketInputStream.onData (D:\\Coding\\NA1\\Chapman-Guitars-Belarus-full\\node_modules\\mariadb\\lib\\io\\packet-input-stream.js:160:20)\n    at Socket.emit (events.js:315:20)\n    at Socket.EventEmitter.emit (domain.js:485:12)\n    at addChunk (_stream_readable.js:302:12)\n    at readableAddChunk (_stream_readable.js:278:9)\n    at Socket.Readable.push (_stream_readable.js:217:10)\n    at TCP.onStreamRead (internal/stream_base_commons.js:186:23)"},"sql":"INSERT INTO `GuitarColors` (`id`,`order`,`name`,`guitarId`,`tabImageId`,`dotImageId`,`guitarImageId`,`createdAt`,`updatedAt`) VALUES (DEFAULT,?,?,?,?,?,?,?,?);","message":"Validation error","stack":"SequelizeUniqueConstraintError: Validation error\n    at Query.formatError (D:\\Coding\\NA1\\Chapman-Guitars-Belarus-full\\node_modules\\sequelize\\lib\\dialects\\mariadb\\query.js:261:16)\n    at D:\\Coding\\NA1\\Chapman-Guitars-Belarus-full\\node_modules\\sequelize\\lib\\dialects\\mariadb\\query.js:68:22\n    at runMicrotasks (<anonymous>)\n    at processTicksAndRejections (internal/process/task_queues.js:97:5)\nFrom previous event:\n    at Query.run (D:\\Coding\\NA1\\Chapman-Guitars-Belarus-full\\node_modules\\sequelize\\lib\\dialects\\mariadb\\query.js:47:20)\n    at D:\\Coding\\NA1\\Chapman-Guitars-Belarus-full\\node_modules\\sequelize\\lib\\sequelize.js:645:29\nFrom previous event:\n    at D:\\Coding\\NA1\\Chapman-Guitars-Belarus-full\\node_modules\\sequelize\\lib\\sequelize.js:645:12\nFrom previous event:\n    at D:\\Coding\\NA1\\Chapman-Guitars-Belarus-full\\node_modules\\sequelize\\lib\\sequelize.js:641:10\n    at D:\\Coding\\NA1\\Chapman-Guitars-Belarus-full\\node_modules\\retry-as-promised\\index.js:70:21\n    at new Promise (<anonymous>)\n    at retryAsPromised (D:\\Coding\\NA1\\Chapman-Guitars-Belarus-full\\node_modules\\retry-as-promised\\index.js:60:10)\n    at D:\\Coding\\NA1\\Chapman-Guitars-Belarus-full\\node_modules\\sequelize\\lib\\sequelize.js:631:30\nFrom previous event:\n    at Sequelize.query (D:\\Coding\\NA1\\Chapman-Guitars-Belarus-full\\node_modules\\sequelize\\lib\\sequelize.js:580:23)\n    at QueryInterface.insert (D:\\Coding\\NA1\\Chapman-Guitars-Belarus-full\\node_modules\\sequelize\\lib\\query-interface.js:885:27)\n    at D:\\Coding\\NA1\\Chapman-Guitars-Belarus-full\\node_modules\\sequelize\\lib\\model.js:3985:52\n    at processImmediate (internal/timers.js:456:21)\n    at process.topLevelDomainCallback (domain.js:137:15)\nFrom previous event:\n    at GuitarColor.save (D:\\Coding\\NA1\\Chapman-Guitars-Belarus-full\\node_modules\\sequelize\\lib\\model.js:3962:8)\n    at Function.create (D:\\Coding\\NA1\\Chapman-Guitars-Belarus-full\\node_modules\\sequelize\\lib\\model.js:2226:8)\n    at Proxy.putGuitarColor (D:\\Coding\\NA1\\Chapman-Guitars-Belarus-full\\server\\services\\DBService\\index.js:366:21)\n    at D:\\Coding\\NA1\\Chapman-Guitars-Belarus-full\\server\\routers\\adminRouter\\routers\\guitarColor.js:18:19"}
[INFO] - <2020-06-05T10:32:43.082Z> - GET - /
[INFO] - <2020-06-05T10:32:43.134Z> - GET - /guitars
[INFO] - <2020-06-05T10:32:43.237Z> - GET - /artists
[INFO] - <2020-06-05T10:32:43.282Z> - GET - /purchase
[INFO] - <2020-06-05T10:32:43.317Z> - GET - /contact
[INFO] - <2020-06-05T10:32:43.353Z> - GET - /search
[INFO] - <2020-06-05T10:32:43.378Z> - GET - /guitar/gh-frt
[INFO] - <2020-06-05T10:32:43.416Z> - GET - /guitar/ml1-m
[INFO] - <2020-06-05T10:32:43.469Z> - GET - /guitar/ml2-m
[INFO] - <2020-06-05T10:32:43.501Z> - GET - /guitar/mlv-m
[INFO] - <2020-06-05T10:32:43.537Z> - GET - /artist/dave-mcpherson
[INFO] - <2020-06-05T10:32:43.562Z> - GET - /artist/felix-hagan
[INFO] - <2020-06-05T10:32:43.585Z> - GET - /artist/leo-moracchioli
[INFO] - <2020-06-05T10:32:43.608Z> - GET - /artist/pete-cottrell
[INFO] - <2020-06-05T10:32:43.632Z> - GET - /artist/rabea-massaad
[INFO] - <2020-06-05T10:32:43.651Z> - GET - /artist/rob-chapman
[INFO] - <2020-06-05T10:32:43.672Z> - GET - /artist/rob-scallon
[INFO] - <2020-06-05T10:33:03.125Z> - PUT - /admin/guitar-color
[ERR ] - <2020-06-05T10:33:03.190Z> - PUT - /admin/guitar-color - {"name":"SequelizeUniqueConstraintError","errors":[{"message":"name must be unique","type":"unique violation","path":"name","value":"Lunar","origin":"DB","instance":{"dataValues":{"id":null,"guitarId":"4","order":"1","name":"Lunar","tabImageId":34,"dotImageId":35,"guitarImageId":36,"updatedAt":{},"createdAt":{}},"_previousDataValues":{},"_changed":{"guitarId":true,"order":true,"name":true,"tabImageId":true,"dotImageId":true,"guitarImageId":true},"_modelOptions":{"timestamps":true,"validate":{},"freezeTableName":false,"underscored":false,"paranoid":false,"rejectOnEmpty":false,"whereCollection":null,"schema":null,"schemaDelimiter":"","defaultScope":{},"scopes":{},"indexes":[],"name":{"plural":"GuitarColors","singular":"GuitarColor"},"omitNull":false,"sequelize":{"options":{"dialect":"mariadb","dialectModule":null,"dialectModulePath":null,"host":"localhost","protocol":"tcp","define":{},"query":{},"sync":{},"timezone":"+00:00","clientMinMessages":"warning","standardConformingStrings":true,"omitNull":false,"native":false,"replication":false,"pool":{"max":10,"min":0,"acquire":30000,"idle":10000},"quoteIdentifiers":true,"hooks":{},"retry":{"max":5,"match":["SQLITE_BUSY: database is locked"]},"transactionType":"DEFERRED","isolationLevel":null,"databaseVersion":"10.4.13-MariaDB","typeValidation":false,"benchmark":false,"minifyAliases":false,"logQueryParameters":false,"dialectOptions":{"timezone":"Etc/GMT0"}},"config":{"database":"chapman","username":"root","password":"root","host":"localhost","port":3306,"pool":{"max":10,"min":0,"acquire":30000,"idle":10000},"protocol":"tcp","native":false,"replication":false,"dialectModule":null,"dialectModulePath":null,"dialectOptions":{"timezone":"Etc/GMT0"}},"dialect":{"sequelize":"[Circular]","connectionManager":{"sequelize":"[Circular]","config":{"database":"chapman","username":"root","password":"root","host":"localhost","port":3306,"pool":{"max":10,"min":0,"acquire":30000,"idle":10000,"evict":1000},"protocol":"tcp","native":false,"replication":false,"dialectModule":null,"dialectModulePath":null,"dialectOptions":{"timezone":"Etc/GMT0"}},"dialect":"[Circular]","versionPromise":null,"dialectName":"mariadb","pool":{"_factory":{"name":"sequelize","max":10,"min":0,"acquireTimeoutMillis":30000,"idleTimeoutMillis":10000,"reapIntervalMillis":1000,"reapInterval":1000,"log":false},"_count":3,"_draining":false,"_pendingAcquires":[],"_inUseObjects":[{"__tests":{},"_events":{},"_eventsCount":1}],"_availableObjects":[{"resource":{"__tests":{},"_events":{},"_eventsCount":1},"timeout":1591353193179},{"resource":{"__tests":{},"_events":{},"_eventsCount":1},"timeout":1591353193180},{"resource":{"__tests":{},"_events":{},"_eventsCount":1},"timeout":1591353193190}],"_removeIdleTimer":{"_idleTimeout":1000,"_idlePrev":{"_idleNext":"[Circular]","_idlePrev":"[Circular]","expiry":571339,"id":-9007199254740182,"msecs":1000,"priorityQueuePosition":3},"_idleNext":{"_idleNext":"[Circular]","_idlePrev":"[Circular]","expiry":571339,"id":-9007199254740182,"msecs":1000,"priorityQueuePosition":3},"_idleStart":570339,"_repeat":null,"_destroyed":false},"_removeIdleScheduled":true,"name":"sequelize"},"lib":{"version":"2.1.5"}},"QueryGenerator":{"sequelize":"[Circular]","options":{"dialect":"mariadb","dialectModule":null,"dialectModulePath":null,"host":"localhost","protocol":"tcp","define":{},"query":{},"sync":{},"timezone":"+00:00","clientMinMessages":"warning","standardConformingStrings":true,"omitNull":false,"native":false,"replication":false,"pool":{"max":10,"min":0,"acquire":30000,"idle":10000},"quoteIdentifiers":true,"hooks":{},"retry":{"max":5,"match":["SQLITE_BUSY: database is locked"]},"transactionType":"DEFERRED","isolationLevel":null,"databaseVersion":"10.4.13-MariaDB","typeValidation":false,"benchmark":false,"minifyAliases":false,"logQueryParameters":false,"dialectOptions":{"timezone":"Etc/GMT0"}},"dialect":"mariadb","_dialect":"[Circular]","OperatorMap":{}},"name":"mariadb"},"queryInterface":{"sequelize":"[Circular]","QueryGenerator":{"sequelize":"[Circular]","options":{"dialect":"mariadb","dialectModule":null,"dialectModulePath":null,"host":"localhost","protocol":"tcp","define":{},"query":{},"sync":{},"timezone":"+00:00","clientMinMessages":"warning","standardConformingStrings":true,"omitNull":false,"native":false,"replication":false,"pool":{"max":10,"min":0,"acquire":30000,"idle":10000},"quoteIdentifiers":true,"hooks":{},"retry":{"max":5,"match":["SQLITE_BUSY: database is locked"]},"transactionType":"DEFERRED","isolationLevel":null,"databaseVersion":"10.4.13-MariaDB","typeValidation":false,"benchmark":false,"minifyAliases":false,"logQueryParameters":false,"dialectOptions":{"timezone":"Etc/GMT0"}},"dialect":"mariadb","_dialect":{"sequelize":"[Circular]","connectionManager":{"sequelize":"[Circular]","config":{"database":"chapman","username":"root","password":"root","host":"localhost","port":3306,"pool":{"max":10,"min":0,"acquire":30000,"idle":10000,"evict":1000},"protocol":"tcp","native":false,"replication":false,"dialectModule":null,"dialectModulePath":null,"dialectOptions":{"timezone":"Etc/GMT0"}},"dialect":"[Circular]","versionPromise":null,"dialectName":"mariadb","pool":{"_factory":{"name":"sequelize","max":10,"min":0,"acquireTimeoutMillis":30000,"idleTimeoutMillis":10000,"reapIntervalMillis":1000,"reapInterval":1000,"log":false},"_count":3,"_draining":false,"_pendingAcquires":[],"_inUseObjects":[{"__tests":{},"_events":{},"_eventsCount":1}],"_availableObjects":[{"resource":{"__tests":{},"_events":{},"_eventsCount":1},"timeout":1591353193179},{"resource":{"__tests":{},"_events":{},"_eventsCount":1},"timeout":1591353193180},{"resource":{"__tests":{},"_events":{},"_eventsCount":1},"timeout":1591353193190}],"_removeIdleTimer":{"_idleTimeout":1000,"_idlePrev":{"_idleNext":"[Circular]","_idlePrev":"[Circular]","expiry":571339,"id":-9007199254740182,"msecs":1000,"priorityQueuePosition":3},"_idleNext":{"_idleNext":"[Circular]","_idlePrev":"[Circular]","expiry":571339,"id":-9007199254740182,"msecs":1000,"priorityQueuePosition":3},"_idleStart":570339,"_repeat":null,"_destroyed":false},"_removeIdleScheduled":true,"name":"sequelize"},"lib":{"version":"2.1.5"}},"QueryGenerator":"[Circular]","name":"mariadb"},"OperatorMap":{}}},"models":{},"modelManager":{"models":[],"sequelize":"[Circular]"},"connectionManager":{"sequelize":"[Circular]","config":{"database":"chapman","username":"root","password":"root","host":"localhost","port":3306,"pool":{"max":10,"min":0,"acquire":30000,"idle":10000,"evict":1000},"protocol":"tcp","native":false,"replication":false,"dialectModule":null,"dialectModulePath":null,"dialectOptions":{"timezone":"Etc/GMT0"}},"dialect":{"sequelize":"[Circular]","connectionManager":"[Circular]","QueryGenerator":{"sequelize":"[Circular]","options":{"dialect":"mariadb","dialectModule":null,"dialectModulePath":null,"host":"localhost","protocol":"tcp","define":{},"query":{},"sync":{},"timezone":"+00:00","clientMinMessages":"warning","standardConformingStrings":true,"omitNull":false,"native":false,"replication":false,"pool":{"max":10,"min":0,"acquire":30000,"idle":10000},"quoteIdentifiers":true,"hooks":{},"retry":{"max":5,"match":["SQLITE_BUSY: database is locked"]},"transactionType":"DEFERRED","isolationLevel":null,"databaseVersion":"10.4.13-MariaDB","typeValidation":false,"benchmark":false,"minifyAliases":false,"logQueryParameters":false,"dialectOptions":{"timezone":"Etc/GMT0"}},"dialect":"mariadb","_dialect":"[Circular]","OperatorMap":{}},"name":"mariadb"},"versionPromise":null,"dialectName":"mariadb","pool":{"_factory":{"name":"sequelize","max":10,"min":0,"acquireTimeoutMillis":30000,"idleTimeoutMillis":10000,"reapIntervalMillis":1000,"reapInterval":1000,"log":false},"_count":3,"_draining":false,"_pendingAcquires":[],"_inUseObjects":[{"__tests":{},"_events":{},"_eventsCount":1}],"_availableObjects":[{"resource":{"__tests":{},"_events":{},"_eventsCount":1},"timeout":1591353193179},{"resource":{"__tests":{},"_events":{},"_eventsCount":1},"timeout":1591353193180},{"resource":{"__tests":{},"_events":{},"_eventsCount":1},"timeout":1591353193190}],"_removeIdleTimer":{"_idleTimeout":1000,"_idlePrev":{"_idleNext":"[Circular]","_idlePrev":"[Circular]","expiry":571339,"id":-9007199254740182,"msecs":1000,"priorityQueuePosition":3},"_idleNext":{"_idleNext":"[Circular]","_idlePrev":"[Circular]","expiry":571339,"id":-9007199254740182,"msecs":1000,"priorityQueuePosition":3},"_idleStart":570339,"_repeat":null,"_destroyed":false},"_removeIdleScheduled":true,"name":"sequelize"},"lib":{"version":"2.1.5"}},"importCache":{}},"hooks":{}},"_options":{"isNewRecord":true,"_schema":null,"_schemaDelimiter":""},"isNewRecord":true,"name":"Lunar"},"validatorKey":"not_unique","validatorName":null,"validatorArgs":[]}],"fields":{"name":"Lunar"},"parent":{"fatal":false,"errno":1062,"sqlState":"23000","code":"ER_DUP_ENTRY","sql":"INSERT INTO `GuitarColors` (`id`,`order`,`name`,`guitarId`,`tabImageId`,`dotImageId`,`guitarImageId`,`createdAt`,`updatedAt`) VALUES (DEFAULT,?,?,?,?,?,?,?,?);","parameters":["1","Lunar","4",34,35,36,"2020-06-05 10:33:03.182","2020-06-05 10:33:03.182"],"name":"Error","message":"(conn=337, no: 1062, SQLState: 23000) Duplicate entry 'Lunar' for key 'name'\nsql: INSERT INTO `GuitarColors` (`id`,`order`,`name`,`guitarId`,`tabImageId`,`dotImageId`,`guitarImageId`,`createdAt`,`updatedAt`) VALUES (DEFAULT,?,?,?,?,?,?,?,?); - parameters:['1','Lunar','4',34,35,36,'2020-06-05 10:33:03.182','2020-06-05 10:33:03.182']","stack":"Error: (conn=337, no: 1062, SQLState: 23000) Duplicate entry 'Lunar' for key 'name'\nsql: INSERT INTO `GuitarColors` (`id`,`order`,`name`,`guitarId`,`tabImageId`,`dotImageId`,`guitarImageId`,`createdAt`,`updatedAt`) VALUES (DEFAULT,?,?,?,?,?,?,?,?); - parameters:['1','Lunar','4',34,35,36,'2020-06-05 10:33:03.182','2020-06-05 10:33:03.182']\n    at Object.module.exports.createError (D:\\Coding\\NA1\\Chapman-Guitars-Belarus-full\\node_modules\\mariadb\\lib\\misc\\errors.js:55:10)\n    at PacketNodeEncoded.readError (D:\\Coding\\NA1\\Chapman-Guitars-Belarus-full\\node_modules\\mariadb\\lib\\io\\packet.js:510:19)\n    at Query.readResponsePacket (D:\\Coding\\NA1\\Chapman-Guitars-Belarus-full\\node_modules\\mariadb\\lib\\cmd\\resultset.js:46:28)\n    at PacketInputStream.receivePacketBasic (D:\\Coding\\NA1\\Chapman-Guitars-Belarus-full\\node_modules\\mariadb\\lib\\io\\packet-input-stream.js:104:9)\n    at PacketInputStream.onData (D:\\Coding\\NA1\\Chapman-Guitars-Belarus-full\\node_modules\\mariadb\\lib\\io\\packet-input-stream.js:160:20)\n    at Socket.emit (events.js:315:20)\n    at Socket.EventEmitter.emit (domain.js:485:12)\n    at addChunk (_stream_readable.js:302:12)\n    at readableAddChunk (_stream_readable.js:278:9)\n    at Socket.Readable.push (_stream_readable.js:217:10)\n    at TCP.onStreamRead (internal/stream_base_commons.js:186:23)"},"original":{"fatal":false,"errno":1062,"sqlState":"23000","code":"ER_DUP_ENTRY","sql":"INSERT INTO `GuitarColors` (`id`,`order`,`name`,`guitarId`,`tabImageId`,`dotImageId`,`guitarImageId`,`createdAt`,`updatedAt`) VALUES (DEFAULT,?,?,?,?,?,?,?,?);","parameters":["1","Lunar","4",34,35,36,"2020-06-05 10:33:03.182","2020-06-05 10:33:03.182"],"name":"Error","message":"(conn=337, no: 1062, SQLState: 23000) Duplicate entry 'Lunar' for key 'name'\nsql: INSERT INTO `GuitarColors` (`id`,`order`,`name`,`guitarId`,`tabImageId`,`dotImageId`,`guitarImageId`,`createdAt`,`updatedAt`) VALUES (DEFAULT,?,?,?,?,?,?,?,?); - parameters:['1','Lunar','4',34,35,36,'2020-06-05 10:33:03.182','2020-06-05 10:33:03.182']","stack":"Error: (conn=337, no: 1062, SQLState: 23000) Duplicate entry 'Lunar' for key 'name'\nsql: INSERT INTO `GuitarColors` (`id`,`order`,`name`,`guitarId`,`tabImageId`,`dotImageId`,`guitarImageId`,`createdAt`,`updatedAt`) VALUES (DEFAULT,?,?,?,?,?,?,?,?); - parameters:['1','Lunar','4',34,35,36,'2020-06-05 10:33:03.182','2020-06-05 10:33:03.182']\n    at Object.module.exports.createError (D:\\Coding\\NA1\\Chapman-Guitars-Belarus-full\\node_modules\\mariadb\\lib\\misc\\errors.js:55:10)\n    at PacketNodeEncoded.readError (D:\\Coding\\NA1\\Chapman-Guitars-Belarus-full\\node_modules\\mariadb\\lib\\io\\packet.js:510:19)\n    at Query.readResponsePacket (D:\\Coding\\NA1\\Chapman-Guitars-Belarus-full\\node_modules\\mariadb\\lib\\cmd\\resultset.js:46:28)\n    at PacketInputStream.receivePacketBasic (D:\\Coding\\NA1\\Chapman-Guitars-Belarus-full\\node_modules\\mariadb\\lib\\io\\packet-input-stream.js:104:9)\n    at PacketInputStream.onData (D:\\Coding\\NA1\\Chapman-Guitars-Belarus-full\\node_modules\\mariadb\\lib\\io\\packet-input-stream.js:160:20)\n    at Socket.emit (events.js:315:20)\n    at Socket.EventEmitter.emit (domain.js:485:12)\n    at addChunk (_stream_readable.js:302:12)\n    at readableAddChunk (_stream_readable.js:278:9)\n    at Socket.Readable.push (_stream_readable.js:217:10)\n    at TCP.onStreamRead (internal/stream_base_commons.js:186:23)"},"sql":"INSERT INTO `GuitarColors` (`id`,`order`,`name`,`guitarId`,`tabImageId`,`dotImageId`,`guitarImageId`,`createdAt`,`updatedAt`) VALUES (DEFAULT,?,?,?,?,?,?,?,?);","message":"Validation error","stack":"SequelizeUniqueConstraintError: Validation error\n    at Query.formatError (D:\\Coding\\NA1\\Chapman-Guitars-Belarus-full\\node_modules\\sequelize\\lib\\dialects\\mariadb\\query.js:261:16)\n    at D:\\Coding\\NA1\\Chapman-Guitars-Belarus-full\\node_modules\\sequelize\\lib\\dialects\\mariadb\\query.js:68:22\n    at runMicrotasks (<anonymous>)\n    at processTicksAndRejections (internal/process/task_queues.js:97:5)\nFrom previous event:\n    at Query.run (D:\\Coding\\NA1\\Chapman-Guitars-Belarus-full\\node_modules\\sequelize\\lib\\dialects\\mariadb\\query.js:47:20)\n    at D:\\Coding\\NA1\\Chapman-Guitars-Belarus-full\\node_modules\\sequelize\\lib\\sequelize.js:645:29\nFrom previous event:\n    at D:\\Coding\\NA1\\Chapman-Guitars-Belarus-full\\node_modules\\sequelize\\lib\\sequelize.js:645:12\nFrom previous event:\n    at D:\\Coding\\NA1\\Chapman-Guitars-Belarus-full\\node_modules\\sequelize\\lib\\sequelize.js:641:10\n    at D:\\Coding\\NA1\\Chapman-Guitars-Belarus-full\\node_modules\\retry-as-promised\\index.js:70:21\n    at new Promise (<anonymous>)\n    at retryAsPromised (D:\\Coding\\NA1\\Chapman-Guitars-Belarus-full\\node_modules\\retry-as-promised\\index.js:60:10)\n    at D:\\Coding\\NA1\\Chapman-Guitars-Belarus-full\\node_modules\\sequelize\\lib\\sequelize.js:631:30\nFrom previous event:\n    at Sequelize.query (D:\\Coding\\NA1\\Chapman-Guitars-Belarus-full\\node_modules\\sequelize\\lib\\sequelize.js:580:23)\n    at QueryInterface.insert (D:\\Coding\\NA1\\Chapman-Guitars-Belarus-full\\node_modules\\sequelize\\lib\\query-interface.js:885:27)\n    at D:\\Coding\\NA1\\Chapman-Guitars-Belarus-full\\node_modules\\sequelize\\lib\\model.js:3985:52\n    at processImmediate (internal/timers.js:456:21)\n    at process.topLevelDomainCallback (domain.js:137:15)\nFrom previous event:\n    at GuitarColor.save (D:\\Coding\\NA1\\Chapman-Guitars-Belarus-full\\node_modules\\sequelize\\lib\\model.js:3962:8)\n    at Function.create (D:\\Coding\\NA1\\Chapman-Guitars-Belarus-full\\node_modules\\sequelize\\lib\\model.js:2226:8)\n    at Proxy.putGuitarColor (D:\\Coding\\NA1\\Chapman-Guitars-Belarus-full\\server\\services\\DBService\\index.js:366:21)\n    at D:\\Coding\\NA1\\Chapman-Guitars-Belarus-full\\server\\routers\\adminRouter\\routers\\guitarColor.js:18:19"}
[INFO] - <2020-06-05T10:33:03.212Z> - GET - /
[INFO] - <2020-06-05T10:33:03.263Z> - GET - /guitars
[INFO] - <2020-06-05T10:33:03.335Z> - GET - /artists
[INFO] - <2020-06-05T10:33:03.367Z> - GET - /purchase
[INFO] - <2020-06-05T10:33:03.397Z> - GET - /contact
[INFO] - <2020-06-05T10:33:03.424Z> - GET - /search
[INFO] - <2020-06-05T10:33:03.449Z> - GET - /guitar/gh-frt
[INFO] - <2020-06-05T10:33:03.508Z> - GET - /guitar/ml1-m
[INFO] - <2020-06-05T10:33:03.541Z> - GET - /guitar/ml2-m
[INFO] - <2020-06-05T10:33:03.576Z> - GET - /guitar/mlv-m
[INFO] - <2020-06-05T10:33:03.610Z> - GET - /artist/dave-mcpherson
[INFO] - <2020-06-05T10:33:03.635Z> - GET - /artist/felix-hagan
[INFO] - <2020-06-05T10:33:03.662Z> - GET - /artist/leo-moracchioli
[INFO] - <2020-06-05T10:33:03.681Z> - GET - /artist/pete-cottrell
[INFO] - <2020-06-05T10:33:03.704Z> - GET - /artist/rabea-massaad
[INFO] - <2020-06-05T10:33:03.726Z> - GET - /artist/rob-chapman
[INFO] - <2020-06-05T10:33:03.756Z> - GET - /artist/rob-scallon
[INFO] - <2020-06-05T10:33:08.929Z> - PUT - /admin/guitar-color
[INFO] - <2020-06-05T10:33:09.041Z> - GET - /
[INFO] - <2020-06-05T10:33:09.100Z> - GET - /guitars
[INFO] - <2020-06-05T10:33:09.248Z> - GET - /artists
[INFO] - <2020-06-05T10:33:09.281Z> - GET - /purchase
[INFO] - <2020-06-05T10:33:09.313Z> - GET - /contact
[INFO] - <2020-06-05T10:33:09.316Z> - GET - /admin/guitars
[INFO] - <2020-06-05T10:33:09.375Z> - GET - /search
[INFO] - <2020-06-05T10:33:09.420Z> - GET - /guitar/gh-frt
[INFO] - <2020-06-05T10:33:09.460Z> - GET - /guitar/ml1-m
[INFO] - <2020-06-05T10:33:09.497Z> - GET - /guitar/ml2-m
[INFO] - <2020-06-05T10:33:09.528Z> - GET - /guitar/mlv-m
[INFO] - <2020-06-05T10:33:09.649Z> - GET - /artist/dave-mcpherson
[INFO] - <2020-06-05T10:33:09.776Z> - GET - /artist/felix-hagan
[INFO] - <2020-06-05T10:33:09.807Z> - GET - /artist/leo-moracchioli
[INFO] - <2020-06-05T10:33:09.847Z> - GET - /artist/pete-cottrell
[INFO] - <2020-06-05T10:33:09.872Z> - GET - /artist/rabea-massaad
[INFO] - <2020-06-05T10:33:09.904Z> - GET - /artist/rob-chapman
[INFO] - <2020-06-05T10:33:09.925Z> - GET - /artist/rob-scallon
[INFO] - <2020-06-05T10:33:16.994Z> - GET - /guitars
[INFO] - <2020-06-05T10:33:21.925Z> - GET - /guitar/gh-frt
[INFO] - <2020-06-05T10:34:20.357Z> - PUT - /admin/guitar-color
[INFO] - <2020-06-05T10:34:20.454Z> - GET - /
[INFO] - <2020-06-05T10:34:20.541Z> - GET - /guitars
[INFO] - <2020-06-05T10:34:20.552Z> - GET - /admin/guitars
[INFO] - <2020-06-05T10:34:20.751Z> - GET - /artists
[INFO] - <2020-06-05T10:34:20.802Z> - GET - /purchase
[INFO] - <2020-06-05T10:34:20.880Z> - GET - /contact
[INFO] - <2020-06-05T10:34:21.020Z> - GET - /search
[INFO] - <2020-06-05T10:34:21.112Z> - GET - /guitar/gh-frt
[INFO] - <2020-06-05T10:34:21.186Z> - GET - /guitar/ml1-m
[INFO] - <2020-06-05T10:34:21.247Z> - GET - /guitar/ml2-m
[INFO] - <2020-06-05T10:34:21.292Z> - GET - /guitar/mlv-m
[INFO] - <2020-06-05T10:34:21.334Z> - GET - /artist/dave-mcpherson
[INFO] - <2020-06-05T10:34:21.379Z> - GET - /artist/felix-hagan
[INFO] - <2020-06-05T10:34:21.410Z> - GET - /artist/leo-moracchioli
[INFO] - <2020-06-05T10:34:21.449Z> - GET - /artist/pete-cottrell
[INFO] - <2020-06-05T10:34:21.472Z> - GET - /artist/rabea-massaad
[INFO] - <2020-06-05T10:34:21.494Z> - GET - /artist/rob-chapman
[INFO] - <2020-06-05T10:34:21.521Z> - GET - /artist/rob-scallon
[INFO] - <2020-06-05T10:34:24.519Z> - GET - /guitars
[INFO] - <2020-06-05T10:34:43.687Z> - GET - /admin/all-guitar-series
[INFO] - <2020-06-05T10:34:54.706Z> - GET - /guitar/ml2-m
[INFO] - <2020-06-05T10:35:33.739Z> - GET - /guitars
[INFO] - <2020-06-05T10:35:41.201Z> - GET - /guitar/ml2-m
[INFO] - <2020-06-05T10:36:56.548Z> - PUT - /admin/guitar
[INFO] - <2020-06-05T10:36:56.593Z> - GET - /
[INFO] - <2020-06-05T10:36:56.638Z> - GET - /guitars
[INFO] - <2020-06-05T10:36:56.738Z> - GET - /artists
[INFO] - <2020-06-05T10:36:56.749Z> - GET - /admin/guitars
[INFO] - <2020-06-05T10:36:56.801Z> - GET - /purchase
[INFO] - <2020-06-05T10:36:56.834Z> - GET - /contact
[INFO] - <2020-06-05T10:36:56.862Z> - GET - /search
[INFO] - <2020-06-05T10:36:56.885Z> - GET - /guitar/gh-frt
[INFO] - <2020-06-05T10:36:56.933Z> - GET - /guitar/ml1-m
[INFO] - <2020-06-05T10:36:57.017Z> - GET - /guitar/ml2-m
[INFO] - <2020-06-05T10:36:57.127Z> - GET - /guitar/ml3-m
[INFO] - <2020-06-05T10:36:57.165Z> - GET - /guitar/mlv-m
[INFO] - <2020-06-05T10:36:57.196Z> - GET - /artist/dave-mcpherson
[INFO] - <2020-06-05T10:36:57.215Z> - GET - /artist/felix-hagan
[INFO] - <2020-06-05T10:36:57.238Z> - GET - /artist/leo-moracchioli
[INFO] - <2020-06-05T10:36:57.261Z> - GET - /artist/pete-cottrell
[INFO] - <2020-06-05T10:36:57.282Z> - GET - /artist/rabea-massaad
[INFO] - <2020-06-05T10:36:57.304Z> - GET - /artist/rob-chapman
[INFO] - <2020-06-05T10:36:57.326Z> - GET - /artist/rob-scallon
[INFO] - <2020-06-05T10:37:32.751Z> - PUT - /admin/guitar-color
[INFO] - <2020-06-05T10:37:32.960Z> - GET - /
[INFO] - <2020-06-05T10:37:32.999Z> - GET - /guitars
[INFO] - <2020-06-05T10:37:33.113Z> - GET - /admin/guitars
[INFO] - <2020-06-05T10:37:33.117Z> - GET - /artists
[INFO] - <2020-06-05T10:37:33.172Z> - GET - /purchase
[INFO] - <2020-06-05T10:37:33.204Z> - GET - /contact
[INFO] - <2020-06-05T10:37:33.231Z> - GET - /search
[INFO] - <2020-06-05T10:37:33.255Z> - GET - /guitar/gh-frt
[INFO] - <2020-06-05T10:37:33.292Z> - GET - /guitar/ml1-m
[INFO] - <2020-06-05T10:37:33.346Z> - GET - /guitar/ml2-m
[INFO] - <2020-06-05T10:37:33.494Z> - GET - /guitar/ml3-m
[INFO] - <2020-06-05T10:37:33.577Z> - GET - /guitar/mlv-m
[INFO] - <2020-06-05T10:37:33.613Z> - GET - /artist/dave-mcpherson
[INFO] - <2020-06-05T10:37:33.635Z> - GET - /artist/felix-hagan
[INFO] - <2020-06-05T10:37:33.657Z> - GET - /artist/leo-moracchioli
[INFO] - <2020-06-05T10:37:33.674Z> - GET - /artist/pete-cottrell
[INFO] - <2020-06-05T10:37:33.697Z> - GET - /artist/rabea-massaad
[INFO] - <2020-06-05T10:37:33.716Z> - GET - /artist/rob-chapman
[INFO] - <2020-06-05T10:37:33.743Z> - GET - /artist/rob-scallon
[INFO] - <2020-06-05T10:37:54.772Z> - PUT - /admin/guitar-color
[INFO] - <2020-06-05T10:37:54.840Z> - GET - /
[INFO] - <2020-06-05T10:37:54.886Z> - GET - /guitars
[INFO] - <2020-06-05T10:37:54.963Z> - GET - /admin/guitars
[INFO] - <2020-06-05T10:37:55.010Z> - GET - /artists
[INFO] - <2020-06-05T10:37:55.041Z> - GET - /purchase
[INFO] - <2020-06-05T10:37:55.067Z> - GET - /contact
[INFO] - <2020-06-05T10:37:55.089Z> - GET - /search
[INFO] - <2020-06-05T10:37:55.110Z> - GET - /guitar/gh-frt
[INFO] - <2020-06-05T10:37:55.159Z> - GET - /guitar/ml1-m
[INFO] - <2020-06-05T10:37:55.245Z> - GET - /guitar/ml2-m
[INFO] - <2020-06-05T10:37:55.333Z> - GET - /guitar/ml3-m
[INFO] - <2020-06-05T10:37:55.398Z> - GET - /guitar/mlv-m
[INFO] - <2020-06-05T10:37:55.435Z> - GET - /artist/dave-mcpherson
[INFO] - <2020-06-05T10:37:55.454Z> - GET - /artist/felix-hagan
[INFO] - <2020-06-05T10:37:55.476Z> - GET - /artist/leo-moracchioli
[INFO] - <2020-06-05T10:37:55.500Z> - GET - /artist/pete-cottrell
[INFO] - <2020-06-05T10:37:55.525Z> - GET - /artist/rabea-massaad
[INFO] - <2020-06-05T10:37:55.553Z> - GET - /artist/rob-chapman
[INFO] - <2020-06-05T10:37:55.577Z> - GET - /artist/rob-scallon
[INFO] - <2020-06-05T10:37:56.510Z> - GET - /guitars
[INFO] - <2020-06-05T10:38:19.691Z> - GET - /guitars
[INFO] - <2020-06-05T10:38:21.286Z> - GET - /artists
[INFO] - <2020-06-05T10:38:21.941Z> - GET - /guitars
